\BOOKMARK [0][-]{chapter.1}{\376\377\0001\000\040\000N\000a\000m\000e\000s\000p\000a\000c\000e\000\040\000I\000n\000d\000e\000x}{}% 1
\BOOKMARK [1][-]{section.1.1}{\376\377\0001\000.\0001\000\040\000P\000a\000c\000k\000a\000g\000e\000s}{chapter.1}% 2
\BOOKMARK [0][-]{chapter.2}{\376\377\0002\000\040\000C\000l\000a\000s\000s\000\040\000I\000n\000d\000e\000x}{}% 3
\BOOKMARK [1][-]{section.2.1}{\376\377\0002\000.\0001\000\040\000C\000l\000a\000s\000s\000\040\000L\000i\000s\000t}{chapter.2}% 4
\BOOKMARK [0][-]{chapter.3}{\376\377\0003\000\040\000F\000i\000l\000e\000\040\000I\000n\000d\000e\000x}{}% 5
\BOOKMARK [1][-]{section.3.1}{\376\377\0003\000.\0001\000\040\000F\000i\000l\000e\000\040\000L\000i\000s\000t}{chapter.3}% 6
\BOOKMARK [0][-]{chapter.4}{\376\377\0004\000\040\000N\000a\000m\000e\000s\000p\000a\000c\000e\000\040\000D\000o\000c\000u\000m\000e\000n\000t\000a\000t\000i\000o\000n}{}% 7
\BOOKMARK [1][-]{section.4.1}{\376\377\0004\000.\0001\000\040\000P\000a\000c\000k\000a\000g\000e\000\040\000e\000s\000.\000u\000l\000l\000.\000f\000l\000i\000g\000h\000t\000s}{chapter.4}% 8
\BOOKMARK [1][-]{section.4.2}{\376\377\0004\000.\0002\000\040\000P\000a\000c\000k\000a\000g\000e\000\040\000e\000s\000.\000u\000l\000l\000.\000p\000a\000s\000s\000e\000n\000g\000e\000r\000s}{chapter.4}% 9
\BOOKMARK [0][-]{chapter.5}{\376\377\0005\000\040\000C\000l\000a\000s\000s\000\040\000D\000o\000c\000u\000m\000e\000n\000t\000a\000t\000i\000o\000n}{}% 10
\BOOKMARK [1][-]{section.5.1}{\376\377\0005\000.\0001\000\040\000e\000s\000.\000u\000l\000l\000.\000f\000l\000i\000g\000h\000t\000s\000.\000F\000l\000i\000g\000h\000t\000\040\000C\000l\000a\000s\000s\000\040\000R\000e\000f\000e\000r\000e\000n\000c\000e}{chapter.5}% 11
\BOOKMARK [2][-]{subsection.5.1.1}{\376\377\0005\000.\0001\000.\0001\000\040\000D\000e\000t\000a\000i\000l\000e\000d\000\040\000D\000e\000s\000c\000r\000i\000p\000t\000i\000o\000n}{section.5.1}% 12
\BOOKMARK [2][-]{subsection.5.1.2}{\376\377\0005\000.\0001\000.\0002\000\040\000C\000o\000n\000s\000t\000r\000u\000c\000t\000o\000r\000\040\000\046\000\040\000D\000e\000s\000t\000r\000u\000c\000t\000o\000r\000\040\000D\000o\000c\000u\000m\000e\000n\000t\000a\000t\000i\000o\000n}{section.5.1}% 13
\BOOKMARK [3][-]{subsubsection.5.1.2.1}{\376\377\0005\000.\0001\000.\0002\000.\0001\000\040\000F\000l\000i\000g\000h\000t\000\050\000\051}{subsection.5.1.2}% 14
\BOOKMARK [2][-]{subsection.5.1.3}{\376\377\0005\000.\0001\000.\0003\000\040\000M\000e\000m\000b\000e\000r\000\040\000F\000u\000n\000c\000t\000i\000o\000n\000\040\000D\000o\000c\000u\000m\000e\000n\000t\000a\000t\000i\000o\000n}{section.5.1}% 15
\BOOKMARK [3][-]{subsubsection.5.1.3.1}{\376\377\0005\000.\0001\000.\0003\000.\0001\000\040\000a\000d\000d\000P\000a\000s\000s\000e\000n\000g\000e\000r\000\050\000\051}{subsection.5.1.3}% 16
\BOOKMARK [3][-]{subsubsection.5.1.3.2}{\376\377\0005\000.\0001\000.\0003\000.\0002\000\040\000g\000e\000t\000F\000l\000i\000g\000h\000t\000N\000u\000m\000b\000e\000r\000\050\000\051}{subsection.5.1.3}% 17
\BOOKMARK [3][-]{subsubsection.5.1.3.3}{\376\377\0005\000.\0001\000.\0003\000.\0003\000\040\000g\000e\000t\000N\000u\000m\000b\000e\000r\000O\000f\000P\000a\000s\000s\000e\000n\000g\000e\000r\000s\000\050\000\051}{subsection.5.1.3}% 18
\BOOKMARK [3][-]{subsubsection.5.1.3.4}{\376\377\0005\000.\0001\000.\0003\000.\0004\000\040\000r\000e\000m\000o\000v\000e\000P\000a\000s\000s\000e\000n\000g\000e\000r\000\050\000\051}{subsection.5.1.3}% 19
\BOOKMARK [1][-]{section.5.2}{\376\377\0005\000.\0002\000\040\000e\000s\000.\000u\000l\000l\000.\000p\000a\000s\000s\000e\000n\000g\000e\000r\000s\000.\000P\000a\000s\000s\000e\000n\000g\000e\000r\000\040\000C\000l\000a\000s\000s\000\040\000R\000e\000f\000e\000r\000e\000n\000c\000e}{chapter.5}% 20
\BOOKMARK [2][-]{subsection.5.2.1}{\376\377\0005\000.\0002\000.\0001\000\040\000D\000e\000t\000a\000i\000l\000e\000d\000\040\000D\000e\000s\000c\000r\000i\000p\000t\000i\000o\000n}{section.5.2}% 21
\BOOKMARK [2][-]{subsection.5.2.2}{\376\377\0005\000.\0002\000.\0002\000\040\000C\000o\000n\000s\000t\000r\000u\000c\000t\000o\000r\000\040\000\046\000\040\000D\000e\000s\000t\000r\000u\000c\000t\000o\000r\000\040\000D\000o\000c\000u\000m\000e\000n\000t\000a\000t\000i\000o\000n}{section.5.2}% 22
\BOOKMARK [3][-]{subsubsection.5.2.2.1}{\376\377\0005\000.\0002\000.\0002\000.\0001\000\040\000P\000a\000s\000s\000e\000n\000g\000e\000r\000\050\000\051}{subsection.5.2.2}% 23
\BOOKMARK [2][-]{subsection.5.2.3}{\376\377\0005\000.\0002\000.\0003\000\040\000M\000e\000m\000b\000e\000r\000\040\000F\000u\000n\000c\000t\000i\000o\000n\000\040\000D\000o\000c\000u\000m\000e\000n\000t\000a\000t\000i\000o\000n}{section.5.2}% 24
\BOOKMARK [3][-]{subsubsection.5.2.3.1}{\376\377\0005\000.\0002\000.\0003\000.\0001\000\040\000g\000e\000t\000C\000o\000u\000n\000t\000r\000y\000C\000o\000d\000e\000\050\000\051}{subsection.5.2.3}% 25
\BOOKMARK [3][-]{subsubsection.5.2.3.2}{\376\377\0005\000.\0002\000.\0003\000.\0002\000\040\000g\000e\000t\000F\000l\000i\000g\000h\000t\000\050\000\051}{subsection.5.2.3}% 26
\BOOKMARK [3][-]{subsubsection.5.2.3.3}{\376\377\0005\000.\0002\000.\0003\000.\0003\000\040\000g\000e\000t\000I\000d\000e\000n\000t\000i\000f\000i\000e\000r\000\050\000\051}{subsection.5.2.3}% 27
\BOOKMARK [3][-]{subsubsection.5.2.3.4}{\376\377\0005\000.\0002\000.\0003\000.\0004\000\040\000g\000e\000t\000N\000a\000m\000e\000\050\000\051}{subsection.5.2.3}% 28
\BOOKMARK [3][-]{subsubsection.5.2.3.5}{\376\377\0005\000.\0002\000.\0003\000.\0005\000\040\000j\000o\000i\000n\000F\000l\000i\000g\000h\000t\000\050\000\051}{subsection.5.2.3}% 29
\BOOKMARK [3][-]{subsubsection.5.2.3.6}{\376\377\0005\000.\0002\000.\0003\000.\0006\000\040\000s\000e\000t\000F\000l\000i\000g\000h\000t\000\050\000\051}{subsection.5.2.3}% 30
\BOOKMARK [3][-]{subsubsection.5.2.3.7}{\376\377\0005\000.\0002\000.\0003\000.\0007\000\040\000t\000o\000S\000t\000r\000i\000n\000g\000\050\000\051}{subsection.5.2.3}% 31
\BOOKMARK [0][-]{chapter.6}{\376\377\0006\000\040\000F\000i\000l\000e\000\040\000D\000o\000c\000u\000m\000e\000n\000t\000a\000t\000i\000o\000n}{}% 32
\BOOKMARK [1][-]{section.6.1}{\376\377\0006\000.\0001\000\040\000s\000r\000c\000/\000m\000a\000i\000n\000/\000j\000a\000v\000a\000/\000e\000s\000/\000u\000l\000l\000/\000f\000l\000i\000g\000h\000t\000s\000/\000F\000l\000i\000g\000h\000t\000.\000j\000a\000v\000a\000\040\000F\000i\000l\000e\000\040\000R\000e\000f\000e\000r\000e\000n\000c\000e}{chapter.6}% 33
\BOOKMARK [1][-]{section.6.2}{\376\377\0006\000.\0002\000\040\000F\000l\000i\000g\000h\000t\000.\000j\000a\000v\000a}{chapter.6}% 34
\BOOKMARK [1][-]{section.6.3}{\376\377\0006\000.\0003\000\040\000s\000r\000c\000/\000m\000a\000i\000n\000/\000j\000a\000v\000a\000/\000e\000s\000/\000u\000l\000l\000/\000p\000a\000s\000s\000e\000n\000g\000e\000r\000s\000/\000P\000a\000s\000s\000e\000n\000g\000e\000r\000.\000j\000a\000v\000a\000\040\000F\000i\000l\000e\000\040\000R\000e\000f\000e\000r\000e\000n\000c\000e}{chapter.6}% 35
\BOOKMARK [1][-]{section.6.4}{\376\377\0006\000.\0004\000\040\000P\000a\000s\000s\000e\000n\000g\000e\000r\000.\000j\000a\000v\000a}{chapter.6}% 36
\BOOKMARK [1][-]{section.6.5}{\376\377\0006\000.\0005\000\040\000s\000r\000c\000/\000t\000e\000s\000t\000/\000j\000a\000v\000a\000/\000e\000s\000/\000u\000l\000l\000/\000f\000l\000i\000g\000h\000t\000s\000/\000F\000l\000i\000g\000h\000t\000T\000e\000s\000t\000.\000j\000a\000v\000a\000\040\000F\000i\000l\000e\000\040\000R\000e\000f\000e\000r\000e\000n\000c\000e}{chapter.6}% 37
\BOOKMARK [1][-]{section.6.6}{\376\377\0006\000.\0006\000\040\000F\000l\000i\000g\000h\000t\000T\000e\000s\000t\000.\000j\000a\000v\000a}{chapter.6}% 38
\BOOKMARK [1][-]{section.6.7}{\376\377\0006\000.\0007\000\040\000s\000r\000c\000/\000t\000e\000s\000t\000/\000j\000a\000v\000a\000/\000e\000s\000/\000u\000l\000l\000/\000p\000a\000s\000s\000e\000n\000g\000e\000r\000s\000/\000P\000a\000s\000s\000e\000n\000g\000e\000r\000T\000e\000s\000t\000.\000j\000a\000v\000a\000\040\000F\000i\000l\000e\000\040\000R\000e\000f\000e\000r\000e\000n\000c\000e}{chapter.6}% 39
\BOOKMARK [1][-]{section.6.8}{\376\377\0006\000.\0008\000\040\000P\000a\000s\000s\000e\000n\000g\000e\000r\000T\000e\000s\000t\000.\000j\000a\000v\000a}{chapter.6}% 40
\BOOKMARK [0][-]{section*.13}{\376\377\000I\000n\000d\000e\000x}{}% 41
